<?xml version="1.0" encoding="UTF-8"?>
<testsuite name="com.raina.traduler.TradulerReactApplicationTests" tests="1" skipped="0" failures="0" errors="0" timestamp="2023-08-15T13:04:51" hostname="Raina-Queen" time="0.158">
  <properties/>
  <testcase name="contextLoads()" classname="com.raina.traduler.TradulerReactApplicationTests" time="0.158"/>
  <system-out><![CDATA[14:04:45.988 [Test worker] DEBUG org.springframework.boot.test.context.SpringBootTestContextBootstrapper -- Neither @ContextConfiguration nor @ContextHierarchy found for test class [TradulerReactApplicationTests]: using SpringBootContextLoader
14:04:45.996 [Test worker] DEBUG org.springframework.test.context.support.AbstractContextLoader -- Could not detect default resource locations for test class [com.raina.traduler.TradulerReactApplicationTests]: no resource found for suffixes {-context.xml, Context.groovy}.
14:04:45.997 [Test worker] INFO org.springframework.test.context.support.AnnotationConfigContextLoaderUtils -- Could not detect default configuration classes for test class [com.raina.traduler.TradulerReactApplicationTests]: TradulerReactApplicationTests does not declare any static, non-private, non-final, nested classes annotated with @Configuration.
14:04:46.024 [Test worker] DEBUG org.springframework.boot.test.context.SpringBootTestContextBootstrapper -- Using ContextCustomizers for test class [TradulerReactApplicationTests]: [DisableObservabilityContextCustomizer, PropertyMappingContextCustomizer, Customizer, ExcludeFilterContextCustomizer, DuplicateJsonObjectContextCustomizer, MockitoContextCustomizer, TestRestTemplateContextCustomizer]
14:04:46.106 [Test worker] DEBUG org.springframework.context.annotation.ClassPathScanningCandidateComponentProvider -- Identified candidate component class: file [/Users/raina/Desktop/traduler_react/build/classes/java/main/com/raina/traduler/TradulerReactApplication.class]
14:04:46.107 [Test worker] INFO org.springframework.boot.test.context.SpringBootTestContextBootstrapper -- Found @SpringBootConfiguration com.raina.traduler.TradulerReactApplication for test class com.raina.traduler.TradulerReactApplicationTests
14:04:46.201 [Test worker] DEBUG org.springframework.boot.test.context.SpringBootTestContextBootstrapper -- Using TestExecutionListeners for test class [TradulerReactApplicationTests]: [ServletTestExecutionListener, DirtiesContextBeforeModesTestExecutionListener, ApplicationEventsTestExecutionListener, MockitoTestExecutionListener, DependencyInjectionTestExecutionListener, DirtiesContextTestExecutionListener, TransactionalTestExecutionListener, SqlScriptsTestExecutionListener, EventPublishingTestExecutionListener, RestDocsTestExecutionListener, MockRestServiceServerResetTestExecutionListener, MockMvcPrintOnlyOnFailureTestExecutionListener, WebDriverTestExecutionListener, MockWebServiceServerTestExecutionListener, ResetMocksTestExecutionListener]
14:04:46.202 [Test worker] DEBUG org.springframework.test.context.support.AbstractDirtiesContextTestExecutionListener -- Before test class: class [TradulerReactApplicationTests], class annotated with @DirtiesContext [false] with mode [null]

  .   ____          _            __ _ _
 /\\ / ___'_ __ _ _(_)_ __  __ _ \ \ \ \
( ( )\___ | '_ | '_| | '_ \/ _` | \ \ \ \
 \\/  ___)| |_)| | | | | || (_| |  ) ) ) )
  '  |____| .__|_| |_|_| |_\__, | / / / /
 =========|_|==============|___/=/_/_/_/
 :: Spring Boot ::                (v3.0.5)

2023-08-15T14:04:46.482+01:00  INFO 50447 --- [    Test worker] c.r.t.TradulerReactApplicationTests      : Starting TradulerReactApplicationTests using Java 17.0.6 with PID 50447 (started by raina in /Users/raina/Desktop/traduler_react)
2023-08-15T14:04:46.484+01:00  INFO 50447 --- [    Test worker] c.r.t.TradulerReactApplicationTests      : No active profile set, falling back to 1 default profile: "default"
2023-08-15T14:04:47.097+01:00  INFO 50447 --- [    Test worker] .s.d.r.c.RepositoryConfigurationDelegate : Bootstrapping Spring Data JPA repositories in DEFAULT mode.
2023-08-15T14:04:47.171+01:00  INFO 50447 --- [    Test worker] .s.d.r.c.RepositoryConfigurationDelegate : Finished Spring Data repository scanning in 59 ms. Found 4 JPA repository interfaces.
2023-08-15T14:04:47.264+01:00  WARN 50447 --- [    Test worker] o.m.s.mapper.ClassPathMapperScanner      : No MyBatis mapper was found in '[com.raina.traduler]' package. Please check your configuration.
2023-08-15T14:04:47.616+01:00  INFO 50447 --- [    Test worker] o.hibernate.jpa.internal.util.LogHelper  : HHH000204: Processing PersistenceUnitInfo [name: default]
2023-08-15T14:04:47.660+01:00  INFO 50447 --- [    Test worker] org.hibernate.Version                    : HHH000412: Hibernate ORM core version 6.1.7.Final
2023-08-15T14:04:48.429+01:00  INFO 50447 --- [    Test worker] com.zaxxer.hikari.HikariDataSource       : HikariPool-1 - Starting...
2023-08-15T14:04:48.774+01:00  INFO 50447 --- [    Test worker] com.zaxxer.hikari.pool.HikariPool        : HikariPool-1 - Added connection com.mysql.cj.jdbc.ConnectionImpl@74eec640
2023-08-15T14:04:48.775+01:00  INFO 50447 --- [    Test worker] com.zaxxer.hikari.HikariDataSource       : HikariPool-1 - Start completed.
2023-08-15T14:04:48.792+01:00  INFO 50447 --- [    Test worker] SQL dialect                              : HHH000400: Using dialect: org.hibernate.dialect.MySQL57Dialect
2023-08-15T14:04:48.794+01:00  WARN 50447 --- [    Test worker] org.hibernate.orm.deprecation            : HHH90000026: MySQL57Dialect has been deprecated; use org.hibernate.dialect.MySQLDialect instead
2023-08-15T14:04:48.821+01:00 DEBUG 50447 --- [    Test worker] o.h.t.d.sql.spi.DdlTypeRegistry          : addDescriptor(12, org.hibernate.type.descriptor.sql.internal.CapacityDependentDdlType@10bdfbcc) replaced previous registration(org.hibernate.type.descriptor.sql.internal.CapacityDependentDdlType@25b74370)
2023-08-15T14:04:48.821+01:00 DEBUG 50447 --- [    Test worker] o.h.t.d.sql.spi.DdlTypeRegistry          : addDescriptor(-9, org.hibernate.type.descriptor.sql.internal.CapacityDependentDdlType@15e8c040) replaced previous registration(org.hibernate.type.descriptor.sql.internal.CapacityDependentDdlType@1f71e024)
2023-08-15T14:04:48.821+01:00 DEBUG 50447 --- [    Test worker] o.h.t.d.sql.spi.DdlTypeRegistry          : addDescriptor(-3, org.hibernate.type.descriptor.sql.internal.CapacityDependentDdlType@60ed0b9d) replaced previous registration(org.hibernate.type.descriptor.sql.internal.CapacityDependentDdlType@7f5e6833)
2023-08-15T14:04:48.821+01:00 DEBUG 50447 --- [    Test worker] o.h.t.d.sql.spi.DdlTypeRegistry          : addDescriptor(4003, org.hibernate.type.descriptor.sql.internal.DdlTypeImpl@2c674d58) replaced previous registration(org.hibernate.type.descriptor.sql.internal.DdlTypeImpl@3c07e830)
2023-08-15T14:04:48.822+01:00 DEBUG 50447 --- [    Test worker] o.h.t.d.sql.spi.DdlTypeRegistry          : addDescriptor(4001, org.hibernate.type.descriptor.sql.internal.DdlTypeImpl@34beadce) replaced previous registration(org.hibernate.type.descriptor.sql.internal.DdlTypeImpl@382d549a)
2023-08-15T14:04:48.822+01:00 DEBUG 50447 --- [    Test worker] o.h.t.d.sql.spi.DdlTypeRegistry          : addDescriptor(4002, org.hibernate.type.descriptor.sql.internal.DdlTypeImpl@2eb6d34a) replaced previous registration(org.hibernate.type.descriptor.sql.internal.DdlTypeImpl@2d73e8c4)
2023-08-15T14:04:48.822+01:00 DEBUG 50447 --- [    Test worker] o.h.t.d.sql.spi.DdlTypeRegistry          : addDescriptor(2004, org.hibernate.type.descriptor.sql.internal.CapacityDependentDdlType@6ce2e079) replaced previous registration(org.hibernate.type.descriptor.sql.internal.DdlTypeImpl@3e39e0fb)
2023-08-15T14:04:48.822+01:00 DEBUG 50447 --- [    Test worker] o.h.t.d.sql.spi.DdlTypeRegistry          : addDescriptor(2005, org.hibernate.type.descriptor.sql.internal.CapacityDependentDdlType@260d48f5) replaced previous registration(org.hibernate.type.descriptor.sql.internal.DdlTypeImpl@148ab138)
2023-08-15T14:04:48.822+01:00 DEBUG 50447 --- [    Test worker] o.h.t.d.sql.spi.DdlTypeRegistry          : addDescriptor(2011, org.hibernate.type.descriptor.sql.internal.CapacityDependentDdlType@6f106af8) replaced previous registration(org.hibernate.type.descriptor.sql.internal.DdlTypeImpl@1edf71d9)
2023-08-15T14:04:49.628+01:00  INFO 50447 --- [    Test worker] o.h.e.t.j.p.i.JtaPlatformInitiator       : HHH000490: Using JtaPlatform implementation: [org.hibernate.engine.transaction.jta.platform.internal.NoJtaPlatform]
2023-08-15T14:04:49.638+01:00  INFO 50447 --- [    Test worker] j.LocalContainerEntityManagerFactoryBean : Initialized JPA EntityManagerFactory for persistence unit 'default'
2023-08-15T14:04:51.232+01:00  WARN 50447 --- [    Test worker] JpaBaseConfiguration$JpaWebConfiguration : spring.jpa.open-in-view is enabled by default. Therefore, database queries may be performed during view rendering. Explicitly configure spring.jpa.open-in-view to disable this warning
2023-08-15T14:04:51.667+01:00  INFO 50447 --- [    Test worker] c.r.t.TradulerReactApplicationTests      : Started TradulerReactApplicationTests in 5.414 seconds (process running for 13.031)
]]></system-out>
  <system-err><![CDATA[]]></system-err>
</testsuite>
